# JRE version: Java(TM) SE Runtime Environment (9.0+11) (build 9.0.4+11)
# Java VM: Java HotSpot(TM) 64-Bit Server VM (9.0.4+11, mixed mode, tiered, compressed oops, g1 gc, windows-amd64)
Heap:
 garbage-first heap   total 187392K, used 138302K [0x0000000700000000, 0x00000007001005b8, 0x00000007c0000000)
  region size 1024K, 19 young (19456K), 2 survivors (2048K)
 Metaspace       used 88355K, capacity 92201K, committed 93744K, reserved 1130496K
  class space    used 12568K, capacity 13263K, committed 13616K, reserved 1048576K
GC Heap History (10 events):
Event: 10840.970 GC heap before
{Heap before GC invocations=174 (full 7):
 garbage-first heap   total 187392K, used 181204K [0x0000000700000000, 0x00000007001005b8, 0x00000007c0000000)
  region size 1024K, 60 young (61440K), 2 survivors (2048K)
 Metaspace       used 88261K, capacity 92137K, committed 93744K, reserved 1130496K
  class space    used 12547K, capacity 13263K, committed 13616K, reserved 1048576K
}
Event: 10840.973 GC heap after
{Heap after GC invocations=175 (full 7):
 garbage-first heap   total 187392K, used 121864K [0x0000000700000000, 0x00000007001005b8, 0x00000007c0000000)
  region size 1024K, 2 young (2048K), 2 survivors (2048K)
 Metaspace       used 88261K, capacity 92137K, committed 93744K, reserved 1130496K
  class space    used 12547K, capacity 13263K, committed 13616K, reserved 1048576K
}
Event: 10936.734 GC heap before
{Heap before GC invocations=175 (full 7):
 garbage-first heap   total 187392K, used 181256K [0x0000000700000000, 0x00000007001005b8, 0x00000007c0000000)
  region size 1024K, 60 young (61440K), 2 survivors (2048K)
 Metaspace       used 88262K, capacity 92137K, committed 93744K, reserved 1130496K
  class space    used 12547K, capacity 13263K, committed 13616K, reserved 1048576K
}
Event: 10936.737 GC heap after
{Heap after GC invocations=176 (full 7):
 garbage-first heap   total 187392K, used 121957K [0x0000000700000000, 0x00000007001005b8, 0x00000007c0000000)
  region size 1024K, 3 young (3072K), 3 survivors (3072K)
 Metaspace       used 88262K, capacity 92137K, committed 93744K, reserved 1130496K
  class space    used 12547K, capacity 13263K, committed 13616K, reserved 1048576K
}
Event: 11031.105 GC heap before
{Heap before GC invocations=177 (full 7):
 garbage-first heap   total 187392K, used 180325K [0x0000000700000000, 0x00000007001005b8, 0x00000007c0000000)
  region size 1024K, 60 young (61440K), 3 survivors (3072K)
 Metaspace       used 88262K, capacity 92137K, committed 93744K, reserved 1130496K
  class space    used 12547K, capacity 13263K, committed 13616K, reserved 1048576K
}
Event: 11031.107 GC heap after
{Heap after GC invocations=178 (full 7):
 garbage-first heap   total 187392K, used 121921K [0x0000000700000000, 0x00000007001005b8, 0x00000007c0000000)
  region size 1024K, 2 young (2048K), 2 survivors (2048K)
 Metaspace       used 88262K, capacity 92137K, committed 93744K, reserved 1130496K
  class space    used 12547K, capacity 13263K, committed 13616K, reserved 1048576K
}
Event: 11125.512 GC heap before
{Heap before GC invocations=178 (full 7):
 garbage-first heap   total 187392K, used 181313K [0x0000000700000000, 0x00000007001005b8, 0x00000007c0000000)
  region size 1024K, 60 young (61440K), 2 survivors (2048K)
 Metaspace       used 88262K, capacity 92137K, committed 93744K, reserved 1130496K
  class space    used 12547K, capacity 13263K, committed 13616K, reserved 1048576K
}
Event: 11125.515 GC heap after
{Heap after GC invocations=179 (full 7):
 garbage-first heap   total 187392K, used 121957K [0x0000000700000000, 0x00000007001005b8, 0x00000007c0000000)
  region size 1024K, 3 young (3072K), 3 survivors (3072K)
 Metaspace       used 88262K, capacity 92137K, committed 93744K, reserved 1130496K
  class space    used 12547K, capacity 13263K, committed 13616K, reserved 1048576K
}
Event: 11219.169 GC heap before
{Heap before GC invocations=180 (full 7):
 garbage-first heap   total 187392K, used 180325K [0x0000000700000000, 0x00000007001005b8, 0x00000007c0000000)
  region size 1024K, 60 young (61440K), 3 survivors (3072K)
 Metaspace       used 88262K, capacity 92137K, committed 93744K, reserved 1130496K
  class space    used 12547K, capacity 13263K, committed 13616K, reserved 1048576K
}
Event: 11219.171 GC heap after
{Heap after GC invocations=181 (full 7):
 garbage-first heap   total 187392K, used 121918K [0x0000000700000000, 0x00000007001005b8, 0x00000007c0000000)
  region size 1024K, 2 young (2048K), 2 survivors (2048K)
 Metaspace       used 88262K, capacity 92137K, committed 93744K, reserved 1130496K
  class space    used 12547K, capacity 13263K, committed 13616K, reserved 1048576K
}

